Build started 10/09/2011 16:46:04.
     1>Project "C:\Users\fp\Documents\Visual Studio 2010\Projects\MastersThesis\Sample\Sample.vcxproj" on node 2 (build target(s)).
     1>InitializeBuildStatus:
         Touching "Debug\Sample.unsuccessfulbuild".
       ManifestResourceCompile:
         C:\Program Files (x86)\Microsoft SDKs\Windows\v7.0A\bin\rc.exe /nologo /fo"Debug\Sample.exe.embed.manifest.res" Debug\Sample_manifest.rc 
       Link:
         C:\Program Files (x86)\Microsoft Visual Studio 10.0\VC\bin\link.exe /ERRORREPORT:PROMPT /OUT:"C:\Users\fp\Documents\Visual Studio 2010\Projects\MastersThesis\Debug\Sample.exe" /INCREMENTAL /NOLOGO /LIBPATH:D:\OpenCV\\buildQt\lib\Debug opencv_core231d.lib opencv_imgproc231d.lib opencv_highgui231d.lib opencv_ml231d.lib opencv_video231d.lib opencv_features2d231d.lib opencv_calib3d231d.lib opencv_objdetect231d.lib opencv_contrib231d.lib opencv_legacy231d.lib opencv_flann231d.lib kernel32.lib user32.lib gdi32.lib winspool.lib comdlg32.lib advapi32.lib shell32.lib ole32.lib oleaut32.lib uuid.lib odbc32.lib odbccp32.lib /MANIFEST /ManifestFile:"Debug\Sample.exe.intermediate.manifest" /MANIFESTUAC:"level='asInvoker' uiAccess='false'" /DEBUG /PDB:"C:\Users\fp\Documents\Visual Studio 2010\Projects\MastersThesis\Debug\Sample.pdb" /SUBSYSTEM:CONSOLE /TLBID:1 /DYNAMICBASE /NXCOMPAT /IMPLIB:"C:\Users\fp\Documents\Visual Studio 2010\Projects\MastersThesis\Debug\Sample.lib" /MACHINE:X86 Debug\Sample.exe.embed.manifest.res
     1>LINK : error LNK2001: unresolved external symbol _mainCRTStartup
     1>C:\Users\fp\Documents\Visual Studio 2010\Projects\MastersThesis\Debug\Sample.exe : fatal error LNK1120: 1 unresolved externals
     1>Done Building Project "C:\Users\fp\Documents\Visual Studio 2010\Projects\MastersThesis\Sample\Sample.vcxproj" (build target(s)) -- FAILED.

Build FAILED.

Time Elapsed 00:00:01.99
